<?xml version="1.0" encoding="UTF-8"?>
<!-- Generated by org.testng.reporters.JUnitXMLReporter -->
<testsuite ignored="1" hostname="MacBook-Pro-2.home" failures="0" tests="3" name="Command line test" time="0.027" errors="0" timestamp="2020-08-26T16:33:17 EDT">
  <testcase classname="base.CommonAPI" name="@BeforeMethod setUp" time="-1.598473996893E9">
    <failure type="org.testng.TestNGException" message="
Parameter &amp;apos;url&amp;apos; is required by BeforeMethod on method setUp but has not been marked @Optional or defined
">
      <![CDATA[org.testng.TestNGException: 
Parameter 'url' is required by BeforeMethod on method setUp but has not been marked @Optional or defined

at java.base/java.util.ArrayList.forEach(ArrayList.java:1510)
... Removed 38 stack frames]]>
    </failure>
  </testcase> <!-- @BeforeMethod setUp -->
  <testcase classname="homeTest.AccountTest" name="@BeforeMethod init" time="-1.598473996896E9">
    <skipped/>
  </testcase> <!-- @BeforeMethod init -->
  <testcase classname="base.CommonAPI" name="@AfterMethod cleanUp" time="0.002">
    <failure type="java.lang.NullPointerException">
      <![CDATA[java.lang.NullPointerException
at base.CommonAPI.cleanUp(CommonAPI.java:42)
at java.base/java.util.ArrayList.forEach(ArrayList.java:1510)
... Removed 42 stack frames]]>
    </failure>
  </testcase> <!-- @AfterMethod cleanUp -->
  <testcase classname="base.CommonAPI" name="@BeforeMethod setUp" time="-1.598473996901E9">
    <skipped/>
  </testcase> <!-- @BeforeMethod setUp -->
  <testcase classname="homeTest.AccountTest" name="@BeforeMethod init" time="-1.598473996901E9">
    <skipped/>
  </testcase> <!-- @BeforeMethod init -->
  <testcase classname="base.CommonAPI" name="@AfterMethod cleanUp" time="0.0">
    <failure type="java.lang.NullPointerException">
      <![CDATA[java.lang.NullPointerException
at base.CommonAPI.cleanUp(CommonAPI.java:42)
at java.base/java.util.ArrayList.forEach(ArrayList.java:1510)
... Removed 42 stack frames]]>
    </failure>
  </testcase> <!-- @AfterMethod cleanUp -->
  <testcase classname="base.CommonAPI" name="@BeforeMethod setUp" time="-1.598473996904E9">
    <failure type="org.testng.TestNGException" message="
Parameter &amp;apos;url&amp;apos; is required by BeforeMethod on method setUp but has not been marked @Optional or defined
">
      <![CDATA[org.testng.TestNGException: 
Parameter 'url' is required by BeforeMethod on method setUp but has not been marked @Optional or defined

at java.base/java.util.ArrayList.forEach(ArrayList.java:1510)
... Removed 38 stack frames]]>
    </failure>
  </testcase> <!-- @BeforeMethod setUp -->
  <testcase classname="homeTest.SearchBoxTest" name="@BeforeMethod init" time="-1.598473996904E9">
    <skipped/>
  </testcase> <!-- @BeforeMethod init -->
  <testcase classname="base.CommonAPI" name="@AfterMethod cleanUp" time="0.001">
    <failure type="java.lang.NullPointerException">
      <![CDATA[java.lang.NullPointerException
at base.CommonAPI.cleanUp(CommonAPI.java:42)
at java.base/java.util.ArrayList.forEach(ArrayList.java:1510)
... Removed 42 stack frames]]>
    </failure>
  </testcase> <!-- @AfterMethod cleanUp -->
  <testcase classname="homeTest.AccountTest" name="setAdvancedButtonTest" time="0.0">
    <skipped/>
  </testcase> <!-- setAdvancedButtonTest -->
  <testcase classname="homeTest.AccountTest" name="setSigningButton" time="0.0">
    <skipped/>
  </testcase> <!-- setSigningButton -->
  <testcase classname="homeTest.SearchBoxTest" name="setSearchButtonTest" time="0.0">
    <skipped/>
  </testcase> <!-- setSearchButtonTest -->
  <testcase classname="homeTest.AccountTest" name="setAccountButtonTest" time="0.0">
    <ignored/>
  </testcase> <!-- setAccountButtonTest -->
</testsuite> <!-- Command line test -->
